13:24:38.612 logback [main] INFO  t.d.b.BlackAndWhiteApplication - Starting BlackAndWhiteApplication on DESKTOP-BKN43FU with PID 1028 (G:\black-and-white\black-and-white-end\target\classes started by lenovo in G:\black-and-white\black-and-white-end)
13:24:38.755 logback [main] DEBUG t.d.b.BlackAndWhiteApplication - Running with Spring Boot v2.1.5.RELEASE, Spring v5.1.7.RELEASE
13:24:38.756 logback [main] INFO  t.d.b.BlackAndWhiteApplication - No active profile set, falling back to default profiles: default
13:24:42.225 logback [main] DEBUG org.apache.ibatis.logging.LogFactory - Logging initialized using 'class org.apache.ibatis.logging.slf4j.Slf4jImpl' adapter.
13:24:42.230 logback [main] DEBUG o.m.s.mapper.ClassPathMapperScanner - Identified candidate component class: file [G:\black-and-white\black-and-white-end\target\classes\top\dbon\blackandwhite\mapper\CartMapper.class]
13:24:42.231 logback [main] DEBUG o.m.s.mapper.ClassPathMapperScanner - Identified candidate component class: file [G:\black-and-white\black-and-white-end\target\classes\top\dbon\blackandwhite\mapper\GoodsMapper.class]
13:24:42.231 logback [main] DEBUG o.m.s.mapper.ClassPathMapperScanner - Identified candidate component class: file [G:\black-and-white\black-and-white-end\target\classes\top\dbon\blackandwhite\mapper\MessageMapper.class]
13:24:42.231 logback [main] DEBUG o.m.s.mapper.ClassPathMapperScanner - Identified candidate component class: file [G:\black-and-white\black-and-white-end\target\classes\top\dbon\blackandwhite\mapper\OrderMapper.class]
13:24:42.231 logback [main] DEBUG o.m.s.mapper.ClassPathMapperScanner - Identified candidate component class: file [G:\black-and-white\black-and-white-end\target\classes\top\dbon\blackandwhite\mapper\UserMapper.class]
13:24:42.232 logback [main] DEBUG o.m.s.mapper.ClassPathMapperScanner - Creating MapperFactoryBean with name 'cartMapper' and 'top.dbon.blackandwhite.mapper.CartMapper' mapperInterface
13:24:42.232 logback [main] DEBUG o.m.s.mapper.ClassPathMapperScanner - Enabling autowire by type for MapperFactoryBean with name 'cartMapper'.
13:24:42.233 logback [main] DEBUG o.m.s.mapper.ClassPathMapperScanner - Creating MapperFactoryBean with name 'goodsMapper' and 'top.dbon.blackandwhite.mapper.GoodsMapper' mapperInterface
13:24:42.233 logback [main] DEBUG o.m.s.mapper.ClassPathMapperScanner - Enabling autowire by type for MapperFactoryBean with name 'goodsMapper'.
13:24:42.233 logback [main] DEBUG o.m.s.mapper.ClassPathMapperScanner - Creating MapperFactoryBean with name 'messageMapper' and 'top.dbon.blackandwhite.mapper.MessageMapper' mapperInterface
13:24:42.233 logback [main] DEBUG o.m.s.mapper.ClassPathMapperScanner - Enabling autowire by type for MapperFactoryBean with name 'messageMapper'.
13:24:42.233 logback [main] DEBUG o.m.s.mapper.ClassPathMapperScanner - Creating MapperFactoryBean with name 'orderMapper' and 'top.dbon.blackandwhite.mapper.OrderMapper' mapperInterface
13:24:42.233 logback [main] DEBUG o.m.s.mapper.ClassPathMapperScanner - Enabling autowire by type for MapperFactoryBean with name 'orderMapper'.
13:24:42.233 logback [main] DEBUG o.m.s.mapper.ClassPathMapperScanner - Creating MapperFactoryBean with name 'userMapper' and 'top.dbon.blackandwhite.mapper.UserMapper' mapperInterface
13:24:42.233 logback [main] DEBUG o.m.s.mapper.ClassPathMapperScanner - Enabling autowire by type for MapperFactoryBean with name 'userMapper'.
13:24:46.277 logback [main] INFO  o.a.coyote.http11.Http11NioProtocol - Initializing ProtocolHandler ["http-nio-8080"]
13:24:46.287 logback [main] INFO  o.a.catalina.core.StandardService - Starting service [Tomcat]
13:24:46.287 logback [main] INFO  o.a.catalina.core.StandardEngine - Starting Servlet engine: [Apache Tomcat/9.0.19]
13:24:46.538 logback [main] INFO  o.a.c.c.C.[Tomcat].[localhost].[/] - Initializing Spring embedded WebApplicationContext
13:24:46.824 logback [main] INFO  c.a.d.s.b.a.DruidDataSourceAutoConfigure - Init DruidDataSource
13:24:49.010 logback [main] INFO  c.alibaba.druid.pool.DruidDataSource - {dataSource-1} inited
13:24:55.560 logback [main] DEBUG o.m.spring.SqlSessionFactoryBean - Parsed mapper file: 'file [G:\black-and-white\black-and-white-end\target\classes\mapper\CartMapper.xml]'
13:24:55.688 logback [main] DEBUG o.m.spring.SqlSessionFactoryBean - Parsed mapper file: 'file [G:\black-and-white\black-and-white-end\target\classes\mapper\GoodsMapper.xml]'
13:24:55.729 logback [main] DEBUG o.m.spring.SqlSessionFactoryBean - Parsed mapper file: 'file [G:\black-and-white\black-and-white-end\target\classes\mapper\MessageMapper.xml]'
13:24:55.778 logback [main] DEBUG o.m.spring.SqlSessionFactoryBean - Parsed mapper file: 'file [G:\black-and-white\black-and-white-end\target\classes\mapper\OrderMapper.xml]'
13:24:55.830 logback [main] DEBUG o.m.spring.SqlSessionFactoryBean - Parsed mapper file: 'file [G:\black-and-white\black-and-white-end\target\classes\mapper\UserMapper.xml]'
13:24:56.294 logback [main] DEBUG o.h.v.i.e.r.TraversableResolvers - Cannot find javax.persistence.Persistence on classpath. Assuming non JPA 2 environment. All properties will per default be traversable.
13:24:56.295 logback [main] DEBUG o.h.v.m.ResourceBundleMessageInterpolator - Loaded expression factory via original TCCL
13:24:56.297 logback [main] DEBUG o.h.v.i.e.r.TraversableResolvers - Cannot find javax.persistence.Persistence on classpath. Assuming non JPA 2 environment. All properties will per default be traversable.
13:24:56.298 logback [main] DEBUG o.h.v.i.engine.ConfigurationImpl - Setting custom MessageInterpolator of type org.springframework.validation.beanvalidation.LocaleContextMessageInterpolator
13:24:56.299 logback [main] DEBUG o.h.v.i.engine.ConfigurationImpl - Setting custom ConstraintValidatorFactory of type org.springframework.validation.beanvalidation.SpringConstraintValidatorFactory
13:24:56.320 logback [main] DEBUG o.h.v.i.engine.ConfigurationImpl - Setting custom ParameterNameProvider of type org.springframework.validation.beanvalidation.LocalValidatorFactoryBean$1
13:24:56.321 logback [main] DEBUG o.h.v.i.x.config.ValidationXmlParser - Trying to load META-INF/validation.xml for XML based Validator configuration.
13:24:56.321 logback [main] DEBUG o.h.v.i.x.c.ResourceLoaderHelper - Trying to load META-INF/validation.xml via user class loader
13:24:56.321 logback [main] DEBUG o.h.v.i.x.c.ResourceLoaderHelper - Trying to load META-INF/validation.xml via TCCL
13:24:56.321 logback [main] DEBUG o.h.v.i.x.c.ResourceLoaderHelper - Trying to load META-INF/validation.xml via Hibernate Validator's class loader
13:24:56.321 logback [main] DEBUG o.h.v.i.x.config.ValidationXmlParser - No META-INF/validation.xml found. Using annotation based configuration only.
13:24:56.324 logback [main] DEBUG o.h.v.i.engine.ValidatorFactoryImpl - HV000234: Using org.springframework.validation.beanvalidation.LocaleContextMessageInterpolator as ValidatorFactory-scoped message interpolator.
13:24:56.325 logback [main] DEBUG o.h.v.i.engine.ValidatorFactoryImpl - HV000234: Using org.hibernate.validator.internal.engine.resolver.TraverseAllTraversableResolver as ValidatorFactory-scoped traversable resolver.
13:24:56.325 logback [main] DEBUG o.h.v.i.engine.ValidatorFactoryImpl - HV000234: Using org.hibernate.validator.internal.util.ExecutableParameterNameProvider as ValidatorFactory-scoped parameter name provider.
13:24:56.325 logback [main] DEBUG o.h.v.i.engine.ValidatorFactoryImpl - HV000234: Using org.hibernate.validator.internal.engine.DefaultClockProvider as ValidatorFactory-scoped clock provider.
13:24:56.325 logback [main] DEBUG o.h.v.i.engine.ValidatorFactoryImpl - HV000234: Using org.hibernate.validator.internal.engine.scripting.DefaultScriptEvaluatorFactory as ValidatorFactory-scoped script evaluator factory.
13:25:02.040 logback [main] INFO  o.a.coyote.http11.Http11NioProtocol - Starting ProtocolHandler ["http-nio-8080"]
13:25:02.072 logback [main] INFO  t.d.b.BlackAndWhiteApplication - Started BlackAndWhiteApplication in 28.216 seconds (JVM running for 31.031)
13:26:08.407 logback [http-nio-8080-exec-1] INFO  o.a.c.c.C.[Tomcat].[localhost].[/] - Initializing Spring DispatcherServlet 'dispatcherServlet'
13:26:08.556 logback [http-nio-8080-exec-1] INFO  t.d.b.common.WebLogAspect - URL : http://127.0.0.1:8080/user
13:26:08.556 logback [http-nio-8080-exec-1] INFO  t.d.b.common.WebLogAspect - HTTP_METHOD : GET
13:26:08.556 logback [http-nio-8080-exec-1] INFO  t.d.b.common.WebLogAspect - IP : 127.0.0.1
13:26:08.556 logback [http-nio-8080-exec-1] INFO  t.d.b.common.WebLogAspect - CLASS_METHOD : top.dbon.blackandwhite.controller.UserController.login
13:26:08.556 logback [http-nio-8080-exec-1] INFO  t.d.b.common.WebLogAspect - ARGS : [339060, e10adc3949ba59abbe56e057f20f883e]
13:26:08.595 logback [http-nio-8080-exec-1] DEBUG org.mybatis.spring.SqlSessionUtils - Creating a new SqlSession
13:26:08.605 logback [http-nio-8080-exec-1] DEBUG org.mybatis.spring.SqlSessionUtils - SqlSession [org.apache.ibatis.session.defaults.DefaultSqlSession@7c70f573] was not registered for synchronization because synchronization is not active
13:26:08.615 logback [http-nio-8080-exec-1] DEBUG o.m.s.t.SpringManagedTransaction - JDBC Connection [com.alibaba.druid.proxy.jdbc.ConnectionProxyImpl@3419d85c] will not be managed by Spring
13:26:08.615 logback [http-nio-8080-exec-1] DEBUG t.d.b.mapper.UserMapper.selectByUser - ==>  Preparing: SELECT user_id, nickname, username, password, school, gender, create_time, update_time, create_by, update_by, submit_audit, audit_status, avatar, `name`, stu_id, idcard_img, idcard_cover_img, phone, email, auth_code, role_set, is_delete, login_time FROM user where username = ? AND password = ? AND is_delete = "0" 
13:26:08.672 logback [http-nio-8080-exec-1] DEBUG t.d.b.mapper.UserMapper.selectByUser - ==> Parameters: 339060(String), e10adc3949ba59abbe56e057f20f883e(String)
13:26:08.722 logback [http-nio-8080-exec-1] DEBUG t.d.b.mapper.UserMapper.selectByUser - <==      Total: 1
13:26:08.722 logback [http-nio-8080-exec-1] DEBUG c.a.druid.pool.PreparedStatementPool - {conn-10001, pstmt-20000} enter cache
13:26:08.722 logback [http-nio-8080-exec-1] DEBUG org.mybatis.spring.SqlSessionUtils - Closing non transactional SqlSession [org.apache.ibatis.session.defaults.DefaultSqlSession@7c70f573]
13:26:08.722 logback [http-nio-8080-exec-1] INFO  t.d.b.controller.UserController - 昵称为：小白 的用户登录成功，账号为：339060
13:26:08.762 logback [http-nio-8080-exec-1] ERROR o.a.c.c.C.[.[.[.[dispatcherServlet] - Servlet.service() for servlet [dispatcherServlet] in context with path [] threw exception [Request processing failed; nested exception is io.jsonwebtoken.security.WeakKeyException: The signing key's size is 168 bits which is not secure enough for the HS256 algorithm.  The JWT JWA Specification (RFC 7518, Section 3.2) states that keys used with HS256 MUST have a size >= 256 bits (the key size must be greater than or equal to the hash output size).  Consider using the io.jsonwebtoken.security.Keys class's 'secretKeyFor(SignatureAlgorithm.HS256)' method to create a key guaranteed to be secure enough for HS256.  See https://tools.ietf.org/html/rfc7518#section-3.2 for more information.] with root cause
io.jsonwebtoken.security.WeakKeyException: The signing key's size is 168 bits which is not secure enough for the HS256 algorithm.  The JWT JWA Specification (RFC 7518, Section 3.2) states that keys used with HS256 MUST have a size >= 256 bits (the key size must be greater than or equal to the hash output size).  Consider using the io.jsonwebtoken.security.Keys class's 'secretKeyFor(SignatureAlgorithm.HS256)' method to create a key guaranteed to be secure enough for HS256.  See https://tools.ietf.org/html/rfc7518#section-3.2 for more information.
	at io.jsonwebtoken.SignatureAlgorithm.assertValid(SignatureAlgorithm.java:371)
	at io.jsonwebtoken.SignatureAlgorithm.assertValidSigningKey(SignatureAlgorithm.java:302)
	at io.jsonwebtoken.impl.DefaultJwtBuilder.signWith(DefaultJwtBuilder.java:123)
	at io.jsonwebtoken.impl.DefaultJwtBuilder.signWith(DefaultJwtBuilder.java:148)
	at top.dbon.blackandwhite.util.JwtUtils.createJWT(JwtUtils.java:47)
	at top.dbon.blackandwhite.controller.UserController.login(UserController.java:29)
	at top.dbon.blackandwhite.controller.UserController$$FastClassBySpringCGLIB$$8a60f664.invoke(<generated>)
	at org.springframework.cglib.proxy.MethodProxy.invoke(MethodProxy.java:218)
	at org.springframework.aop.framework.CglibAopProxy$CglibMethodInvocation.invokeJoinpoint(CglibAopProxy.java:749)
	at org.springframework.aop.framework.ReflectiveMethodInvocation.proceed(ReflectiveMethodInvocation.java:163)
	at org.springframework.aop.framework.adapter.MethodBeforeAdviceInterceptor.invoke(MethodBeforeAdviceInterceptor.java:56)
	at org.springframework.aop.framework.ReflectiveMethodInvocation.proceed(ReflectiveMethodInvocation.java:186)
	at org.springframework.aop.framework.adapter.AfterReturningAdviceInterceptor.invoke(AfterReturningAdviceInterceptor.java:55)
	at org.springframework.aop.framework.ReflectiveMethodInvocation.proceed(ReflectiveMethodInvocation.java:186)
	at org.springframework.aop.interceptor.ExposeInvocationInterceptor.invoke(ExposeInvocationInterceptor.java:93)
	at org.springframework.aop.framework.ReflectiveMethodInvocation.proceed(ReflectiveMethodInvocation.java:186)
	at org.springframework.aop.framework.CglibAopProxy$DynamicAdvisedInterceptor.intercept(CglibAopProxy.java:688)
	at top.dbon.blackandwhite.controller.UserController$$EnhancerBySpringCGLIB$$a230a571.login(<generated>)
	at sun.reflect.NativeMethodAccessorImpl.invoke0(Native Method)
	at sun.reflect.NativeMethodAccessorImpl.invoke(NativeMethodAccessorImpl.java:62)
	at sun.reflect.DelegatingMethodAccessorImpl.invoke(DelegatingMethodAccessorImpl.java:43)
	at java.lang.reflect.Method.invoke(Method.java:498)
	at org.springframework.web.method.support.InvocableHandlerMethod.doInvoke(InvocableHandlerMethod.java:190)
	at org.springframework.web.method.support.InvocableHandlerMethod.invokeForRequest(InvocableHandlerMethod.java:138)
	at org.springframework.web.servlet.mvc.method.annotation.ServletInvocableHandlerMethod.invokeAndHandle(ServletInvocableHandlerMethod.java:104)
	at org.springframework.web.servlet.mvc.method.annotation.RequestMappingHandlerAdapter.invokeHandlerMethod(RequestMappingHandlerAdapter.java:892)
	at org.springframework.web.servlet.mvc.method.annotation.RequestMappingHandlerAdapter.handleInternal(RequestMappingHandlerAdapter.java:797)
	at org.springframework.web.servlet.mvc.method.AbstractHandlerMethodAdapter.handle(AbstractHandlerMethodAdapter.java:87)
	at org.springframework.web.servlet.DispatcherServlet.doDispatch(DispatcherServlet.java:1039)
	at org.springframework.web.servlet.DispatcherServlet.doService(DispatcherServlet.java:942)
	at org.springframework.web.servlet.FrameworkServlet.processRequest(FrameworkServlet.java:1005)
	at org.springframework.web.servlet.FrameworkServlet.doGet(FrameworkServlet.java:897)
	at javax.servlet.http.HttpServlet.service(HttpServlet.java:634)
	at org.springframework.web.servlet.FrameworkServlet.service(FrameworkServlet.java:882)
	at javax.servlet.http.HttpServlet.service(HttpServlet.java:741)
	at org.apache.catalina.core.ApplicationFilterChain.internalDoFilter(ApplicationFilterChain.java:231)
	at org.apache.catalina.core.ApplicationFilterChain.doFilter(ApplicationFilterChain.java:166)
	at org.apache.tomcat.websocket.server.WsFilter.doFilter(WsFilter.java:53)
	at org.apache.catalina.core.ApplicationFilterChain.internalDoFilter(ApplicationFilterChain.java:193)
	at org.apache.catalina.core.ApplicationFilterChain.doFilter(ApplicationFilterChain.java:166)
	at com.alibaba.druid.support.http.WebStatFilter.doFilter(WebStatFilter.java:123)
	at org.apache.catalina.core.ApplicationFilterChain.internalDoFilter(ApplicationFilterChain.java:193)
	at org.apache.catalina.core.ApplicationFilterChain.doFilter(ApplicationFilterChain.java:166)
	at org.springframework.web.filter.RequestContextFilter.doFilterInternal(RequestContextFilter.java:99)
	at org.springframework.web.filter.OncePerRequestFilter.doFilter(OncePerRequestFilter.java:107)
	at org.apache.catalina.core.ApplicationFilterChain.internalDoFilter(ApplicationFilterChain.java:193)
	at org.apache.catalina.core.ApplicationFilterChain.doFilter(ApplicationFilterChain.java:166)
	at org.springframework.web.filter.FormContentFilter.doFilterInternal(FormContentFilter.java:92)
	at org.springframework.web.filter.OncePerRequestFilter.doFilter(OncePerRequestFilter.java:107)
	at org.apache.catalina.core.ApplicationFilterChain.internalDoFilter(ApplicationFilterChain.java:193)
	at org.apache.catalina.core.ApplicationFilterChain.doFilter(ApplicationFilterChain.java:166)
	at org.springframework.web.filter.HiddenHttpMethodFilter.doFilterInternal(HiddenHttpMethodFilter.java:93)
	at org.springframework.web.filter.OncePerRequestFilter.doFilter(OncePerRequestFilter.java:107)
	at org.apache.catalina.core.ApplicationFilterChain.internalDoFilter(ApplicationFilterChain.java:193)
	at org.apache.catalina.core.ApplicationFilterChain.doFilter(ApplicationFilterChain.java:166)
	at org.springframework.web.filter.CharacterEncodingFilter.doFilterInternal(CharacterEncodingFilter.java:200)
	at org.springframework.web.filter.OncePerRequestFilter.doFilter(OncePerRequestFilter.java:107)
	at org.apache.catalina.core.ApplicationFilterChain.internalDoFilter(ApplicationFilterChain.java:193)
	at org.apache.catalina.core.ApplicationFilterChain.doFilter(ApplicationFilterChain.java:166)
	at org.apache.catalina.core.StandardWrapperValve.invoke(StandardWrapperValve.java:200)
	at org.apache.catalina.core.StandardContextValve.invoke(StandardContextValve.java:96)
	at org.apache.catalina.authenticator.AuthenticatorBase.invoke(AuthenticatorBase.java:490)
	at org.apache.catalina.core.StandardHostValve.invoke(StandardHostValve.java:139)
	at org.apache.catalina.valves.ErrorReportValve.invoke(ErrorReportValve.java:92)
	at org.apache.catalina.core.StandardEngineValve.invoke(StandardEngineValve.java:74)
	at org.apache.catalina.connector.CoyoteAdapter.service(CoyoteAdapter.java:343)
	at org.apache.coyote.http11.Http11Processor.service(Http11Processor.java:408)
	at org.apache.coyote.AbstractProcessorLight.process(AbstractProcessorLight.java:66)
	at org.apache.coyote.AbstractProtocol$ConnectionHandler.process(AbstractProtocol.java:836)
	at org.apache.tomcat.util.net.NioEndpoint$SocketProcessor.doRun(NioEndpoint.java:1747)
	at org.apache.tomcat.util.net.SocketProcessorBase.run(SocketProcessorBase.java:49)
	at java.util.concurrent.ThreadPoolExecutor.runWorker(ThreadPoolExecutor.java:1142)
	at java.util.concurrent.ThreadPoolExecutor$Worker.run(ThreadPoolExecutor.java:617)
	at org.apache.tomcat.util.threads.TaskThread$WrappingRunnable.run(TaskThread.java:61)
	at java.lang.Thread.run(Thread.java:748)
13:43:45.059 logback [main] INFO  t.d.b.BlackAndWhiteApplication - Starting BlackAndWhiteApplication on DESKTOP-BKN43FU with PID 13396 (G:\black-and-white\black-and-white-end\target\classes started by lenovo in G:\black-and-white\black-and-white-end)
13:43:45.063 logback [main] DEBUG t.d.b.BlackAndWhiteApplication - Running with Spring Boot v2.1.5.RELEASE, Spring v5.1.7.RELEASE
13:43:45.064 logback [main] INFO  t.d.b.BlackAndWhiteApplication - No active profile set, falling back to default profiles: default
13:43:46.353 logback [main] DEBUG org.apache.ibatis.logging.LogFactory - Logging initialized using 'class org.apache.ibatis.logging.slf4j.Slf4jImpl' adapter.
13:43:46.359 logback [main] DEBUG o.m.s.mapper.ClassPathMapperScanner - Identified candidate component class: file [G:\black-and-white\black-and-white-end\target\classes\top\dbon\blackandwhite\mapper\CartMapper.class]
13:43:46.359 logback [main] DEBUG o.m.s.mapper.ClassPathMapperScanner - Identified candidate component class: file [G:\black-and-white\black-and-white-end\target\classes\top\dbon\blackandwhite\mapper\GoodsMapper.class]
13:43:46.359 logback [main] DEBUG o.m.s.mapper.ClassPathMapperScanner - Identified candidate component class: file [G:\black-and-white\black-and-white-end\target\classes\top\dbon\blackandwhite\mapper\MessageMapper.class]
13:43:46.359 logback [main] DEBUG o.m.s.mapper.ClassPathMapperScanner - Identified candidate component class: file [G:\black-and-white\black-and-white-end\target\classes\top\dbon\blackandwhite\mapper\OrderMapper.class]
13:43:46.359 logback [main] DEBUG o.m.s.mapper.ClassPathMapperScanner - Identified candidate component class: file [G:\black-and-white\black-and-white-end\target\classes\top\dbon\blackandwhite\mapper\UserMapper.class]
13:43:46.359 logback [main] DEBUG o.m.s.mapper.ClassPathMapperScanner - Creating MapperFactoryBean with name 'cartMapper' and 'top.dbon.blackandwhite.mapper.CartMapper' mapperInterface
13:43:46.360 logback [main] DEBUG o.m.s.mapper.ClassPathMapperScanner - Enabling autowire by type for MapperFactoryBean with name 'cartMapper'.
13:43:46.360 logback [main] DEBUG o.m.s.mapper.ClassPathMapperScanner - Creating MapperFactoryBean with name 'goodsMapper' and 'top.dbon.blackandwhite.mapper.GoodsMapper' mapperInterface
13:43:46.360 logback [main] DEBUG o.m.s.mapper.ClassPathMapperScanner - Enabling autowire by type for MapperFactoryBean with name 'goodsMapper'.
13:43:46.360 logback [main] DEBUG o.m.s.mapper.ClassPathMapperScanner - Creating MapperFactoryBean with name 'messageMapper' and 'top.dbon.blackandwhite.mapper.MessageMapper' mapperInterface
13:43:46.360 logback [main] DEBUG o.m.s.mapper.ClassPathMapperScanner - Enabling autowire by type for MapperFactoryBean with name 'messageMapper'.
13:43:46.360 logback [main] DEBUG o.m.s.mapper.ClassPathMapperScanner - Creating MapperFactoryBean with name 'orderMapper' and 'top.dbon.blackandwhite.mapper.OrderMapper' mapperInterface
13:43:46.360 logback [main] DEBUG o.m.s.mapper.ClassPathMapperScanner - Enabling autowire by type for MapperFactoryBean with name 'orderMapper'.
13:43:46.360 logback [main] DEBUG o.m.s.mapper.ClassPathMapperScanner - Creating MapperFactoryBean with name 'userMapper' and 'top.dbon.blackandwhite.mapper.UserMapper' mapperInterface
13:43:46.361 logback [main] DEBUG o.m.s.mapper.ClassPathMapperScanner - Enabling autowire by type for MapperFactoryBean with name 'userMapper'.
13:43:47.453 logback [main] INFO  o.a.coyote.http11.Http11NioProtocol - Initializing ProtocolHandler ["http-nio-8080"]
13:43:47.469 logback [main] INFO  o.a.catalina.core.StandardService - Starting service [Tomcat]
13:43:47.469 logback [main] INFO  o.a.catalina.core.StandardEngine - Starting Servlet engine: [Apache Tomcat/9.0.19]
13:43:47.607 logback [main] INFO  o.a.c.c.C.[Tomcat].[localhost].[/] - Initializing Spring embedded WebApplicationContext
13:43:47.717 logback [main] INFO  c.a.d.s.b.a.DruidDataSourceAutoConfigure - Init DruidDataSource
13:43:48.214 logback [main] INFO  c.alibaba.druid.pool.DruidDataSource - {dataSource-1} inited
13:43:48.517 logback [main] DEBUG o.m.spring.SqlSessionFactoryBean - Parsed mapper file: 'file [G:\black-and-white\black-and-white-end\target\classes\mapper\CartMapper.xml]'
13:43:48.563 logback [main] DEBUG o.m.spring.SqlSessionFactoryBean - Parsed mapper file: 'file [G:\black-and-white\black-and-white-end\target\classes\mapper\GoodsMapper.xml]'
13:43:48.595 logback [main] DEBUG o.m.spring.SqlSessionFactoryBean - Parsed mapper file: 'file [G:\black-and-white\black-and-white-end\target\classes\mapper\MessageMapper.xml]'
13:43:48.620 logback [main] DEBUG o.m.spring.SqlSessionFactoryBean - Parsed mapper file: 'file [G:\black-and-white\black-and-white-end\target\classes\mapper\OrderMapper.xml]'
13:43:48.637 logback [main] DEBUG o.m.spring.SqlSessionFactoryBean - Parsed mapper file: 'file [G:\black-and-white\black-and-white-end\target\classes\mapper\UserMapper.xml]'
13:43:48.733 logback [main] DEBUG o.h.v.i.e.r.TraversableResolvers - Cannot find javax.persistence.Persistence on classpath. Assuming non JPA 2 environment. All properties will per default be traversable.
13:43:48.734 logback [main] DEBUG o.h.v.m.ResourceBundleMessageInterpolator - Loaded expression factory via original TCCL
13:43:48.738 logback [main] DEBUG o.h.v.i.e.r.TraversableResolvers - Cannot find javax.persistence.Persistence on classpath. Assuming non JPA 2 environment. All properties will per default be traversable.
13:43:48.739 logback [main] DEBUG o.h.v.i.engine.ConfigurationImpl - Setting custom MessageInterpolator of type org.springframework.validation.beanvalidation.LocaleContextMessageInterpolator
13:43:48.739 logback [main] DEBUG o.h.v.i.engine.ConfigurationImpl - Setting custom ConstraintValidatorFactory of type org.springframework.validation.beanvalidation.SpringConstraintValidatorFactory
13:43:48.740 logback [main] DEBUG o.h.v.i.engine.ConfigurationImpl - Setting custom ParameterNameProvider of type org.springframework.validation.beanvalidation.LocalValidatorFactoryBean$1
13:43:48.740 logback [main] DEBUG o.h.v.i.x.config.ValidationXmlParser - Trying to load META-INF/validation.xml for XML based Validator configuration.
13:43:48.740 logback [main] DEBUG o.h.v.i.x.c.ResourceLoaderHelper - Trying to load META-INF/validation.xml via user class loader
13:43:48.741 logback [main] DEBUG o.h.v.i.x.c.ResourceLoaderHelper - Trying to load META-INF/validation.xml via TCCL
13:43:48.741 logback [main] DEBUG o.h.v.i.x.c.ResourceLoaderHelper - Trying to load META-INF/validation.xml via Hibernate Validator's class loader
13:43:48.741 logback [main] DEBUG o.h.v.i.x.config.ValidationXmlParser - No META-INF/validation.xml found. Using annotation based configuration only.
13:43:48.743 logback [main] DEBUG o.h.v.i.engine.ValidatorFactoryImpl - HV000234: Using org.springframework.validation.beanvalidation.LocaleContextMessageInterpolator as ValidatorFactory-scoped message interpolator.
13:43:48.743 logback [main] DEBUG o.h.v.i.engine.ValidatorFactoryImpl - HV000234: Using org.hibernate.validator.internal.engine.resolver.TraverseAllTraversableResolver as ValidatorFactory-scoped traversable resolver.
13:43:48.743 logback [main] DEBUG o.h.v.i.engine.ValidatorFactoryImpl - HV000234: Using org.hibernate.validator.internal.util.ExecutableParameterNameProvider as ValidatorFactory-scoped parameter name provider.
13:43:48.743 logback [main] DEBUG o.h.v.i.engine.ValidatorFactoryImpl - HV000234: Using org.hibernate.validator.internal.engine.DefaultClockProvider as ValidatorFactory-scoped clock provider.
13:43:48.744 logback [main] DEBUG o.h.v.i.engine.ValidatorFactoryImpl - HV000234: Using org.hibernate.validator.internal.engine.scripting.DefaultScriptEvaluatorFactory as ValidatorFactory-scoped script evaluator factory.
13:43:49.251 logback [main] INFO  o.a.coyote.http11.Http11NioProtocol - Starting ProtocolHandler ["http-nio-8080"]
13:43:49.279 logback [main] INFO  t.d.b.BlackAndWhiteApplication - Started BlackAndWhiteApplication in 5.074 seconds (JVM running for 6.202)
13:44:01.740 logback [http-nio-8080-exec-1] INFO  o.a.c.c.C.[Tomcat].[localhost].[/] - Initializing Spring DispatcherServlet 'dispatcherServlet'
13:44:01.813 logback [http-nio-8080-exec-1] INFO  t.d.b.common.WebLogAspect - URL : http://127.0.0.1:8080/user
13:44:01.813 logback [http-nio-8080-exec-1] INFO  t.d.b.common.WebLogAspect - HTTP_METHOD : GET
13:44:01.813 logback [http-nio-8080-exec-1] INFO  t.d.b.common.WebLogAspect - IP : 127.0.0.1
13:44:01.816 logback [http-nio-8080-exec-1] INFO  t.d.b.common.WebLogAspect - CLASS_METHOD : top.dbon.blackandwhite.controller.UserController.login
13:44:01.816 logback [http-nio-8080-exec-1] INFO  t.d.b.common.WebLogAspect - ARGS : [339060, e10adc3949ba59abbe56e057f20f883e]
13:44:01.826 logback [http-nio-8080-exec-1] DEBUG org.mybatis.spring.SqlSessionUtils - Creating a new SqlSession
13:44:01.835 logback [http-nio-8080-exec-1] DEBUG org.mybatis.spring.SqlSessionUtils - SqlSession [org.apache.ibatis.session.defaults.DefaultSqlSession@68f6cd7d] was not registered for synchronization because synchronization is not active
13:44:01.843 logback [http-nio-8080-exec-1] DEBUG o.m.s.t.SpringManagedTransaction - JDBC Connection [com.alibaba.druid.proxy.jdbc.ConnectionProxyImpl@47941e5d] will not be managed by Spring
13:44:01.850 logback [http-nio-8080-exec-1] DEBUG t.d.b.mapper.UserMapper.selectByUser - ==>  Preparing: SELECT user_id, nickname, username, password, school, gender, create_time, update_time, create_by, update_by, submit_audit, audit_status, avatar, `name`, stu_id, idcard_img, idcard_cover_img, phone, email, auth_code, role_set, is_delete, login_time FROM user where username = ? AND password = ? AND is_delete = "0" 
13:44:01.884 logback [http-nio-8080-exec-1] DEBUG t.d.b.mapper.UserMapper.selectByUser - ==> Parameters: 339060(String), e10adc3949ba59abbe56e057f20f883e(String)
13:44:01.915 logback [http-nio-8080-exec-1] DEBUG t.d.b.mapper.UserMapper.selectByUser - <==      Total: 1
13:44:01.916 logback [http-nio-8080-exec-1] DEBUG c.a.druid.pool.PreparedStatementPool - {conn-10001, pstmt-20000} enter cache
13:44:01.917 logback [http-nio-8080-exec-1] DEBUG org.mybatis.spring.SqlSessionUtils - Closing non transactional SqlSession [org.apache.ibatis.session.defaults.DefaultSqlSession@68f6cd7d]
13:44:01.918 logback [http-nio-8080-exec-1] INFO  t.d.b.controller.UserController - 昵称为：小白 的用户登录成功，账号为：339060
13:44:02.679 logback [http-nio-8080-exec-1] INFO  t.d.b.common.WebLogAspect - RESPONSE : {msg=操作成功, code=0, user=User(userId=590602680884264960, nickname=小白, username=339060, password=*, school=null, gender=0, createTime=Tue Jun 18 08:00:00 CST 2019, updateTime=null, createBy=null, updateBy=null, submitAudit=0, auditStatus=0, avatar=null, name=null, stuId=null, idcardImg=null, idcardCoverImg=null, phone=null, email=null, authCode=null, roleSet=null, isDelete=0, loginTime=null), token=eyJhbGciOiJIUzI1NiJ9.eyJqdGkiOiI1OTA2MDI2ODA4ODQyNjQ5NjAiLCJpYXQiOjE1NjI3Mzc0NDEsInN1YiI6IlNlcnZpY2UiLCJpc3MiOiJhZG1pbiIsImV4cCI6MTU2MjczNzQ0NX0.CPSVOGkuWLInMj-AMGFztz4kRvIe0b17IGhlCsfSkoQ}
13:44:03.970 logback [http-nio-8080-exec-2] INFO  t.d.b.common.WebLogAspect - URL : http://127.0.0.1:8080/goods
13:44:03.970 logback [http-nio-8080-exec-2] INFO  t.d.b.common.WebLogAspect - HTTP_METHOD : GET
13:44:03.970 logback [http-nio-8080-exec-2] INFO  t.d.b.common.WebLogAspect - IP : 127.0.0.1
13:44:03.970 logback [http-nio-8080-exec-2] INFO  t.d.b.common.WebLogAspect - CLASS_METHOD : top.dbon.blackandwhite.controller.GoodsController.findAllGoods
13:44:03.970 logback [http-nio-8080-exec-2] INFO  t.d.b.common.WebLogAspect - ARGS : [590602680884264960, , 10, 1]
13:44:03.983 logback [http-nio-8080-exec-2] DEBUG org.mybatis.spring.SqlSessionUtils - Creating a new SqlSession
13:44:03.984 logback [http-nio-8080-exec-2] DEBUG org.mybatis.spring.SqlSessionUtils - SqlSession [org.apache.ibatis.session.defaults.DefaultSqlSession@48af84a2] was not registered for synchronization because synchronization is not active
13:44:03.985 logback [http-nio-8080-exec-2] DEBUG SQL_CACHE - Cache Hit Ratio [SQL_CACHE]: 0.0
13:44:04.157 logback [http-nio-8080-exec-2] DEBUG o.m.s.t.SpringManagedTransaction - JDBC Connection [com.alibaba.druid.proxy.jdbc.ConnectionProxyImpl@47941e5d] will not be managed by Spring
13:44:04.157 logback [http-nio-8080-exec-2] DEBUG t.d.b.m.G.selectListByUserIDAndGoodsName_COUNT - ==>  Preparing: SELECT count(0) FROM goods WHERE name LIKE CONCAT('%', ?, '%') AND user_id != ? AND is_delete = "0" AND goods_status = "0" 
13:44:04.157 logback [http-nio-8080-exec-2] DEBUG t.d.b.m.G.selectListByUserIDAndGoodsName_COUNT - ==> Parameters: (String), 590602680884264960(String)
13:44:04.186 logback [http-nio-8080-exec-2] DEBUG t.d.b.m.G.selectListByUserIDAndGoodsName_COUNT - <==      Total: 1
13:44:04.186 logback [http-nio-8080-exec-2] DEBUG c.a.druid.pool.PreparedStatementPool - {conn-10001, pstmt-20001} enter cache
13:44:04.189 logback [http-nio-8080-exec-2] DEBUG t.d.b.m.G.selectListByUserIDAndGoodsName - ==>  Preparing: SELECT goods_id, code, `name`, `count`, price, description, img_id, goods_status, user_id, create_time, update_time, create_by, update_by, is_delete, author, publisher FROM goods where name like CONCAT('%',?,'%') AND user_id != ? AND is_delete = "0" AND goods_status = "0" ORDER BY goods_id LIMIT ? 
13:44:04.191 logback [http-nio-8080-exec-2] DEBUG t.d.b.m.G.selectListByUserIDAndGoodsName - ==> Parameters: (String), 590602680884264960(String), 10(Integer)
13:44:04.203 logback [http-nio-8080-exec-2] DEBUG t.d.b.m.G.selectListByUserIDAndGoodsName - <==      Total: 10
13:44:04.203 logback [http-nio-8080-exec-2] DEBUG c.a.druid.pool.PreparedStatementPool - {conn-10001, pstmt-20002} enter cache
13:44:04.203 logback [http-nio-8080-exec-2] DEBUG org.mybatis.spring.SqlSessionUtils - Closing non transactional SqlSession [org.apache.ibatis.session.defaults.DefaultSqlSession@48af84a2]
13:44:04.207 logback [http-nio-8080-exec-2] INFO  t.d.b.common.WebLogAspect - RESPONSE : {msg=操作成功, code=0, pageInfo=PageInfo{pageNum=1, pageSize=10, size=10, startRow=1, endRow=10, total=14, pages=2, list=Page{count=true, pageNum=1, pageSize=10, startRow=0, endRow=10, total=14, pages=2, reasonable=true, pageSizeZero=false}[Goods(goodsId=588818862468759552, code=588818862468759552, name=三体, count=1, price=10.00, description=好看, imgId=null, goodsStatus=0, userId=588765778099044352, createTime=Thu Jun 13 08:00:00 CST 2019, updateTime=null, createBy=null, updateBy=null, isDelete=0, publisher=中华出版社, author=刘慈欣), Goods(goodsId=589060468102922240, code=589060468102922240, name=皮囊, count=1, price=18.00, description= 近代小说, imgId=null, goodsStatus=0, userId=588789463002382336, createTime=Fri Jun 14 08:00:00 CST 2019, updateTime=null, createBy=null, updateBy=null, isDelete=0, publisher=天津人民出版社, author=蔡崇达), Goods(goodsId=589103002481065984, code=589103002527203328, name=数据库系统基础教程, count=1, price=20.00, description=学习数据库基本知识。, imgId=null, goodsStatus=0, userId=588789463002382336, createTime=Fri Jun 14 08:00:00 CST 2019, updateTime=null, createBy=null, updateBy=null, isDelete=0, publisher=机械工业出版社, author=Jeffrey D.Ullman Jennifer Widom), Goods(goodsId=589104927620464640, code=589104927620464640, name=管理信息系统, count=1, price=10.00, description=管理技能, imgId=null, goodsStatus=0, userId=588789463002382336, createTime=Fri Jun 14 08:00:00 CST 2019, updateTime=null, createBy=null, updateBy=null, isDelete=0, publisher=人民邮电出版社, author=洪小娟、黄卫东、韩普), Goods(goodsId=589766093980041216, code=589766102507061248, name=追风筝的人, count=1, price=20.00, description=情感类小说, imgId=null, goodsStatus=0, userId=589765510518800384, createTime=Sun Jun 16 08:00:00 CST 2019, updateTime=null, createBy=null, updateBy=null, isDelete=0, publisher=文学出版社, author=胡塞尼), Goods(goodsId=589812676285169664, code=589812676394221568, name=生命不能承受之轻, count=1, price=10.00, description=九成新, imgId=null, goodsStatus=0, userId=589765510518800384, createTime=Sun Jun 16 08:00:00 CST 2019, updateTime=null, createBy=null, updateBy=null, isDelete=0, publisher=长江文艺出版社, author=米兰.昆德拉), Goods(goodsId=590235384575688704, code=590235384575688704, name=百年孤独, count=1, price=20.00, description=很无聊的一本书, imgId=null, goodsStatus=0, userId=590234427716534272, createTime=Mon Jun 17 08:00:00 CST 2019, updateTime=null, createBy=null, updateBy=null, isDelete=0, publisher=长江文艺出版社, author=加夫列尔.加西亚.马尔克斯), Goods(goodsId=590261903847063552, code=590261903851257856, name=偷影子的人, count=1, price=16.00, description=价格实惠, imgId=null, goodsStatus=0, userId=589765510518800384, createTime=Mon Jun 17 08:00:00 CST 2019, updateTime=null, createBy=null, updateBy=null, isDelete=0, publisher=北京文学出版社, author=马克.李维), Goods(goodsId=590268095466045440, code=590268095466045440, name=活着, count=1, price=20.00, description=经典, imgId=null, goodsStatus=0, userId=588789463002382336, createTime=Mon Jun 17 08:00:00 CST 2019, updateTime=null, createBy=null, updateBy=null, isDelete=0, publisher=岳麓出版社, author=余华), Goods(goodsId=590983868819963904, code=590983868819963904, name=三国, count=1, price=10.00, description=无, imgId=null, goodsStatus=0, userId=589765510518800384, createTime=Wed Jun 19 08:00:00 CST 2019, updateTime=null, createBy=null, updateBy=null, isDelete=0, publisher=一, author=施耐庵)], prePage=0, nextPage=2, isFirstPage=true, isLastPage=false, hasPreviousPage=false, hasNextPage=true, navigatePages=8, navigateFirstPage=1, navigateLastPage=2, navigatepageNums=[1, 2]}}
13:44:36.009 logback [http-nio-8080-exec-3] INFO  t.d.b.common.WebLogAspect - URL : http://127.0.0.1:8080/cart/590602680884264960
13:44:36.010 logback [http-nio-8080-exec-3] INFO  t.d.b.common.WebLogAspect - HTTP_METHOD : GET
13:44:36.010 logback [http-nio-8080-exec-3] INFO  t.d.b.common.WebLogAspect - IP : 127.0.0.1
13:44:36.011 logback [http-nio-8080-exec-3] INFO  t.d.b.common.WebLogAspect - CLASS_METHOD : top.dbon.blackandwhite.controller.CartController.listCart
13:44:36.013 logback [http-nio-8080-exec-3] INFO  t.d.b.common.WebLogAspect - ARGS : [590602680884264960]
13:44:36.020 logback [http-nio-8080-exec-3] DEBUG t.d.b.controller.CartController - 接收到查询购物车请求，查询的用户ID为：590602680884264960
13:44:36.020 logback [http-nio-8080-exec-3] DEBUG org.mybatis.spring.SqlSessionUtils - Creating a new SqlSession
13:44:36.021 logback [http-nio-8080-exec-3] DEBUG org.mybatis.spring.SqlSessionUtils - SqlSession [org.apache.ibatis.session.defaults.DefaultSqlSession@1e7ea0b6] was not registered for synchronization because synchronization is not active
13:44:36.021 logback [http-nio-8080-exec-3] DEBUG o.m.s.t.SpringManagedTransaction - JDBC Connection [com.alibaba.druid.proxy.jdbc.ConnectionProxyImpl@47941e5d] will not be managed by Spring
13:44:36.022 logback [http-nio-8080-exec-3] DEBUG t.d.b.mapper.CartMapper.selectByUser - ==>  Preparing: SELECT g.goods_id, g.`code`, g.`name`, g.`count`, g.price, g.description, g.img_id, g.goods_status, g.user_id, g.create_time, g.update_time, g.create_by, g.update_by, g.is_delete, g.author, g.publisher FROM goods g JOIN cart c ON g.goods_id = c.goods_id where c.user_id = ? 
13:44:36.022 logback [http-nio-8080-exec-3] DEBUG t.d.b.mapper.CartMapper.selectByUser - ==> Parameters: 590602680884264960(String)
13:44:36.030 logback [http-nio-8080-exec-3] DEBUG t.d.b.mapper.CartMapper.selectByUser - <==      Total: 0
13:44:36.030 logback [http-nio-8080-exec-3] DEBUG c.a.druid.pool.PreparedStatementPool - {conn-10001, pstmt-20003} enter cache
13:44:36.030 logback [http-nio-8080-exec-3] DEBUG org.mybatis.spring.SqlSessionUtils - Closing non transactional SqlSession [org.apache.ibatis.session.defaults.DefaultSqlSession@1e7ea0b6]
13:44:36.030 logback [http-nio-8080-exec-3] INFO  t.d.b.common.WebLogAspect - RESPONSE : {msg=操作成功, code=0, cartGoodsList=[]}
